<?xml version="1.0" encoding="UTF-8"?>
<!-- Generated by org.testng.reporters.JUnitReportReporter -->
<testsuite hostname="CHERUKURU" failures="0" tests="1" name="testCase.TC_001_LoginTest" time="37.176" errors="0" timestamp="2023-07-04T12:27:29 IST" skipped="0">
  <testcase classname="testCase.TC_001_LoginTest" name="login_test" time="37.176"/>
  <system-out/>
</testsuite> <!-- testCase.TC_001_LoginTest -->
