<?xml version="1.0" encoding="UTF-8"?>
<!-- Generated by org.testng.reporters.JUnitReportReporter -->
<testsuite hostname="CHERUKURU" failures="0" tests="1" name="testCase.TC_001_End_to_End" time="36.822" errors="0" timestamp="2023-07-04T12:46:21 IST" skipped="0">
  <testcase classname="testCase.TC_001_End_to_End" name="login_test" time="36.822"/>
</testsuite> <!-- testCase.TC_001_End_to_End -->
